<?xml version="1.0" encoding="UTF-8"?>
<robot generator="Robot 3.2.1 (Python 3.6.9 on linux)" generated="20200510 23:40:38.586" rpa="false">
<suite id="s1" name="TC Requests" source="/home/lagunov/apitesting-master/test_cases/TC_Requests.robot">
<test id="s1-t1" name="Robot Test Case">
<kw name="Get Request Case 1" library="GET_Resources">
<kw name="Create Session" library="RequestsLibrary">
<doc>Create Session: create a HTTP session to a server</doc>
<arguments>
<arg>get_request_session</arg>
<arg>${URL}</arg>
</arguments>
<msg timestamp="20200510 23:40:38.739" level="INFO">Creating Session using : alias=get_request_session, url=https://petstore.swagger.io, headers={},                     cookies={}, auth=None, timeout=None, proxies=None, verify=False,                     debug=0 </msg>
<status status="PASS" starttime="20200510 23:40:38.739" endtime="20200510 23:40:38.739"></status>
</kw>
<kw name="Get Request" library="RequestsLibrary">
<doc>Send a GET request on the session object found using the
given `alias`</doc>
<arguments>
<arg>get_request_session</arg>
<arg>v2/pet/${id}</arg>
</arguments>
<assign>
<var>${response}</var>
</assign>
<msg timestamp="20200510 23:40:39.418" level="INFO">GET Request : url=https://petstore.swagger.io/v2/pet/1626 
 path_url=/v2/pet/1626 
 headers={'User-Agent': 'python-requests/2.23.0', 'Accept-Encoding': 'gzip, deflate', 'Accept': '*/*', 'Connection': 'keep-alive'} 
 body=None 
 </msg>
<msg timestamp="20200510 23:40:39.419" level="INFO">GET Response : url=https://petstore.swagger.io/v2/pet/1626 
 status=404, reason=Not Found 
 body={"code":1,"type":"error","message":"Pet not found"} 
 </msg>
<msg timestamp="20200510 23:40:39.419" level="INFO">/home/lagunov/.local/lib/python3.6/site-packages/urllib3/connectionpool.py:1004: InsecureRequestWarning: Unverified HTTPS request is being made to host 'petstore.swagger.io'. Adding certificate verification is strongly advised. See: https://urllib3.readthedocs.io/en/latest/advanced-usage.html#ssl-warnings
  InsecureRequestWarning,</msg>
<msg timestamp="20200510 23:40:39.420" level="INFO">${response} = &lt;Response [404]&gt;</msg>
<status status="PASS" starttime="20200510 23:40:38.740" endtime="20200510 23:40:39.420"></status>
</kw>
<kw name="Convert To String" library="BuiltIn">
<doc>Converts the given item to a Unicode string.</doc>
<arguments>
<arg>${response.status_code}</arg>
</arguments>
<assign>
<var>${status_code}</var>
</assign>
<msg timestamp="20200510 23:40:39.421" level="INFO">${status_code} = 404</msg>
<status status="PASS" starttime="20200510 23:40:39.420" endtime="20200510 23:40:39.421"></status>
</kw>
<kw name="Get From Dictionary" library="Collections">
<doc>Returns a value from the given ``dictionary`` based on the given ``key``.</doc>
<arguments>
<arg>${response.headers}</arg>
<arg>content-type</arg>
</arguments>
<assign>
<var>${content_type_value}</var>
</assign>
<msg timestamp="20200510 23:40:39.422" level="INFO">${content_type_value} = application/json</msg>
<status status="PASS" starttime="20200510 23:40:39.421" endtime="20200510 23:40:39.422"></status>
</kw>
<kw name="Should Be Equal" library="BuiltIn">
<doc>Fails if the given objects are unequal.</doc>
<arguments>
<arg>${status_code}</arg>
<arg>404</arg>
</arguments>
<status status="PASS" starttime="20200510 23:40:39.422" endtime="20200510 23:40:39.422"></status>
</kw>
<kw name="Log To Console" library="BuiltIn">
<doc>Logs the given message to the console.</doc>
<arguments>
<arg>${response.text}</arg>
</arguments>
<status status="PASS" starttime="20200510 23:40:39.422" endtime="20200510 23:40:39.422"></status>
</kw>
<status status="PASS" starttime="20200510 23:40:38.739" endtime="20200510 23:40:39.422"></status>
</kw>
<kw name="Post Request Case 1" library="POST_Resources">
<kw name="Create Session" library="RequestsLibrary">
<doc>Create Session: create a HTTP session to a server</doc>
<arguments>
<arg>post_request_session</arg>
<arg>${URL}</arg>
</arguments>
<msg timestamp="20200510 23:40:39.423" level="INFO">Creating Session using : alias=post_request_session, url=https://petstore.swagger.io, headers={},                     cookies={}, auth=None, timeout=None, proxies=None, verify=False,                     debug=0 </msg>
<status status="PASS" starttime="20200510 23:40:39.423" endtime="20200510 23:40:39.423"></status>
</kw>
<kw name="Create Dictionary" library="BuiltIn">
<doc>Creates and returns a dictionary based on the given ``items``.</doc>
<arguments>
<arg>id</arg>
<arg>${id}</arg>
<arg>name</arg>
<arg>string</arg>
</arguments>
<assign>
<var>${category}</var>
</assign>
<msg timestamp="20200510 23:40:39.424" level="INFO">${category} = {'id': '1626', 'name': 'string'}</msg>
<status status="PASS" starttime="20200510 23:40:39.423" endtime="20200510 23:40:39.424"></status>
</kw>
<kw name="Create Dictionary" library="BuiltIn">
<doc>Creates and returns a dictionary based on the given ``items``.</doc>
<arguments>
<arg>id</arg>
<arg>${id}</arg>
<arg>name</arg>
<arg>string</arg>
</arguments>
<assign>
<var>${tags}</var>
</assign>
<msg timestamp="20200510 23:40:39.424" level="INFO">${tags} = {'id': '1626', 'name': 'string'}</msg>
<status status="PASS" starttime="20200510 23:40:39.424" endtime="20200510 23:40:39.424"></status>
</kw>
<kw name="Create List" library="BuiltIn">
<doc>Returns a list containing given items.</doc>
<arguments>
<arg>${tags}</arg>
</arguments>
<assign>
<var>${tags}</var>
</assign>
<msg timestamp="20200510 23:40:39.424" level="INFO">${tags} = [{'id': '1626', 'name': 'string'}]</msg>
<status status="PASS" starttime="20200510 23:40:39.424" endtime="20200510 23:40:39.424"></status>
</kw>
<kw name="Create List" library="BuiltIn">
<doc>Returns a list containing given items.</doc>
<arguments>
<arg>string</arg>
</arguments>
<assign>
<var>${photo_url}</var>
</assign>
<msg timestamp="20200510 23:40:39.424" level="INFO">${photo_url} = ['string']</msg>
<status status="PASS" starttime="20200510 23:40:39.424" endtime="20200510 23:40:39.424"></status>
</kw>
<kw name="Create Dictionary" library="BuiltIn">
<doc>Creates and returns a dictionary based on the given ``items``.</doc>
<arguments>
<arg>id</arg>
<arg>${id}</arg>
<arg>category</arg>
<arg>${category}</arg>
<arg>name</arg>
<arg>doggie</arg>
<arg>photoUrls</arg>
<arg>${photo_url}</arg>
<arg>tags</arg>
<arg>${tags}</arg>
<arg>status</arg>
<arg>available</arg>
</arguments>
<assign>
<var>${data}</var>
</assign>
<msg timestamp="20200510 23:40:39.425" level="INFO">${data} = {'id': '1626', 'category': {'id': '1626', 'name': 'string'}, 'name': 'doggie', 'photoUrls': ['string'], 'tags': [{'id': '1626', 'name': 'string'}], 'status': 'available'}</msg>
<status status="PASS" starttime="20200510 23:40:39.425" endtime="20200510 23:40:39.425"></status>
</kw>
<kw name="Create Dictionary" library="BuiltIn">
<doc>Creates and returns a dictionary based on the given ``items``.</doc>
<arguments>
<arg>accept</arg>
<arg>application/json</arg>
<arg>Content-Type</arg>
<arg>application/json</arg>
</arguments>
<assign>
<var>${headers}</var>
</assign>
<msg timestamp="20200510 23:40:39.425" level="INFO">${headers} = {'accept': 'application/json', 'Content-Type': 'application/json'}</msg>
<status status="PASS" starttime="20200510 23:40:39.425" endtime="20200510 23:40:39.425"></status>
</kw>
<kw name="Post Request" library="RequestsLibrary">
<doc>Send a POST request on the session object found using the
given `alias`</doc>
<arguments>
<arg>post_request_session</arg>
<arg>v2/pet</arg>
<arg>headers=${headers}</arg>
<arg>json=${data}</arg>
</arguments>
<assign>
<var>${response}</var>
</assign>
<msg timestamp="20200510 23:40:40.021" level="INFO">POST Request : url=https://petstore.swagger.io/v2/pet 
 path_url=/v2/pet 
 headers={'User-Agent': 'python-requests/2.23.0', 'Accept-Encoding': 'gzip, deflate', 'accept': 'application/json', 'Connection': 'keep-alive', 'Content-Type': 'application/json', 'Content-Length': '170'} 
 body=b'{"id": "1626", "category": {"id": "1626", "name": "string"}, "name": "doggie", "photoUrls": ["string"], "tags": [{"id": "1626", "name": "string"}], "status": "available"}' 
 </msg>
<msg timestamp="20200510 23:40:40.021" level="INFO">POST Response : url=https://petstore.swagger.io/v2/pet 
 status=200, reason=OK 
 body={"id":1626,"category":{"id":1626,"name":"string"},"name":"doggie","photoUrls":["string"],"tags":[{"id":1626,"name":"string"}],"status":"available"} 
 </msg>
<msg timestamp="20200510 23:40:40.022" level="INFO">/home/lagunov/.local/lib/python3.6/site-packages/urllib3/connectionpool.py:1004: InsecureRequestWarning: Unverified HTTPS request is being made to host 'petstore.swagger.io'. Adding certificate verification is strongly advised. See: https://urllib3.readthedocs.io/en/latest/advanced-usage.html#ssl-warnings
  InsecureRequestWarning,</msg>
<msg timestamp="20200510 23:40:40.022" level="INFO">${response} = &lt;Response [200]&gt;</msg>
<status status="PASS" starttime="20200510 23:40:39.425" endtime="20200510 23:40:40.022"></status>
</kw>
<kw name="Convert To String" library="BuiltIn">
<doc>Converts the given item to a Unicode string.</doc>
<arguments>
<arg>${response.status_code}</arg>
</arguments>
<assign>
<var>${status_code}</var>
</assign>
<msg timestamp="20200510 23:40:40.024" level="INFO">${status_code} = 200</msg>
<status status="PASS" starttime="20200510 23:40:40.023" endtime="20200510 23:40:40.024"></status>
</kw>
<kw name="Should Be Equal" library="BuiltIn">
<doc>Fails if the given objects are unequal.</doc>
<arguments>
<arg>${status_code}</arg>
<arg>200</arg>
</arguments>
<status status="PASS" starttime="20200510 23:40:40.024" endtime="20200510 23:40:40.025"></status>
</kw>
<kw name="Log To Console" library="BuiltIn">
<doc>Logs the given message to the console.</doc>
<arguments>
<arg>${response.text}</arg>
</arguments>
<status status="PASS" starttime="20200510 23:40:40.025" endtime="20200510 23:40:40.025"></status>
</kw>
<status status="PASS" starttime="20200510 23:40:39.423" endtime="20200510 23:40:40.025"></status>
</kw>
<kw name="Get Request Case 2" library="GET_Resources">
<kw name="Create Session" library="RequestsLibrary">
<doc>Create Session: create a HTTP session to a server</doc>
<arguments>
<arg>get_request_session</arg>
<arg>${URL}</arg>
</arguments>
<msg timestamp="20200510 23:40:40.025" level="INFO">Creating Session using : alias=get_request_session, url=https://petstore.swagger.io, headers={},                     cookies={}, auth=None, timeout=None, proxies=None, verify=False,                     debug=0 </msg>
<status status="PASS" starttime="20200510 23:40:40.025" endtime="20200510 23:40:40.026"></status>
</kw>
<kw name="Get Request" library="RequestsLibrary">
<doc>Send a GET request on the session object found using the
given `alias`</doc>
<arguments>
<arg>get_request_session</arg>
<arg>v2/pet/${id}</arg>
</arguments>
<assign>
<var>${response}</var>
</assign>
<msg timestamp="20200510 23:40:40.594" level="INFO">GET Request : url=https://petstore.swagger.io/v2/pet/1626 
 path_url=/v2/pet/1626 
 headers={'User-Agent': 'python-requests/2.23.0', 'Accept-Encoding': 'gzip, deflate', 'Accept': '*/*', 'Connection': 'keep-alive'} 
 body=None 
 </msg>
<msg timestamp="20200510 23:40:40.594" level="INFO">GET Response : url=https://petstore.swagger.io/v2/pet/1626 
 status=200, reason=OK 
 body={"id":1626,"category":{"id":1626,"name":"string"},"name":"doggie","photoUrls":["string"],"tags":[{"id":1626,"name":"string"}],"status":"available"} 
 </msg>
<msg timestamp="20200510 23:40:40.594" level="INFO">/home/lagunov/.local/lib/python3.6/site-packages/urllib3/connectionpool.py:1004: InsecureRequestWarning: Unverified HTTPS request is being made to host 'petstore.swagger.io'. Adding certificate verification is strongly advised. See: https://urllib3.readthedocs.io/en/latest/advanced-usage.html#ssl-warnings
  InsecureRequestWarning,</msg>
<msg timestamp="20200510 23:40:40.595" level="INFO">${response} = &lt;Response [200]&gt;</msg>
<status status="PASS" starttime="20200510 23:40:40.026" endtime="20200510 23:40:40.595"></status>
</kw>
<kw name="Convert To String" library="BuiltIn">
<doc>Converts the given item to a Unicode string.</doc>
<arguments>
<arg>${response.status_code}</arg>
</arguments>
<assign>
<var>${status_code}</var>
</assign>
<msg timestamp="20200510 23:40:40.596" level="INFO">${status_code} = 200</msg>
<status status="PASS" starttime="20200510 23:40:40.595" endtime="20200510 23:40:40.597"></status>
</kw>
<kw name="Get From Dictionary" library="Collections">
<doc>Returns a value from the given ``dictionary`` based on the given ``key``.</doc>
<arguments>
<arg>${response.headers}</arg>
<arg>content-type</arg>
</arguments>
<assign>
<var>${content_type_value}</var>
</assign>
<msg timestamp="20200510 23:40:40.598" level="INFO">${content_type_value} = application/json</msg>
<status status="PASS" starttime="20200510 23:40:40.597" endtime="20200510 23:40:40.598"></status>
</kw>
<kw name="Should Be Equal" library="BuiltIn">
<doc>Fails if the given objects are unequal.</doc>
<arguments>
<arg>${status_code}</arg>
<arg>200</arg>
</arguments>
<status status="PASS" starttime="20200510 23:40:40.598" endtime="20200510 23:40:40.599"></status>
</kw>
<kw name="Log To Console" library="BuiltIn">
<doc>Logs the given message to the console.</doc>
<arguments>
<arg>${response.text}</arg>
</arguments>
<status status="PASS" starttime="20200510 23:40:40.600" endtime="20200510 23:40:40.601"></status>
</kw>
<status status="PASS" starttime="20200510 23:40:40.025" endtime="20200510 23:40:40.601"></status>
</kw>
<kw name="Delete Request Case" library="DELETE_Resources">
<kw name="Create Session" library="RequestsLibrary">
<doc>Create Session: create a HTTP session to a server</doc>
<arguments>
<arg>delete_request_session</arg>
<arg>${URL}</arg>
</arguments>
<msg timestamp="20200510 23:40:40.603" level="INFO">Creating Session using : alias=delete_request_session, url=https://petstore.swagger.io, headers={},                     cookies={}, auth=None, timeout=None, proxies=None, verify=False,                     debug=0 </msg>
<status status="PASS" starttime="20200510 23:40:40.602" endtime="20200510 23:40:40.604"></status>
</kw>
<kw name="Create Dictionary" library="BuiltIn">
<doc>Creates and returns a dictionary based on the given ``items``.</doc>
<arguments>
<arg>accept</arg>
<arg>application/json</arg>
</arguments>
<assign>
<var>${headers}</var>
</assign>
<msg timestamp="20200510 23:40:40.605" level="INFO">${headers} = {'accept': 'application/json'}</msg>
<status status="PASS" starttime="20200510 23:40:40.605" endtime="20200510 23:40:40.606"></status>
</kw>
<kw name="Delete Request" library="RequestsLibrary">
<doc>Send a DELETE request on the session object found using the
given `alias`</doc>
<arguments>
<arg>delete_request_session</arg>
<arg>v2/pet/${id}</arg>
<arg>headers=${headers}</arg>
</arguments>
<assign>
<var>${response}</var>
</assign>
<msg timestamp="20200510 23:40:41.182" level="INFO">DELETE Request : url=https://petstore.swagger.io/v2/pet/1626 
 path_url=/v2/pet/1626 
 headers={'User-Agent': 'python-requests/2.23.0', 'Accept-Encoding': 'gzip, deflate', 'accept': 'application/json', 'Connection': 'keep-alive', 'Content-Length': '0'} 
 body=None 
 </msg>
<msg timestamp="20200510 23:40:41.182" level="INFO">DELETE Response : url=https://petstore.swagger.io/v2/pet/1626 
 status=200, reason=OK 
 body={"code":200,"type":"unknown","message":"1626"} 
 </msg>
<msg timestamp="20200510 23:40:41.182" level="INFO">/home/lagunov/.local/lib/python3.6/site-packages/urllib3/connectionpool.py:1004: InsecureRequestWarning: Unverified HTTPS request is being made to host 'petstore.swagger.io'. Adding certificate verification is strongly advised. See: https://urllib3.readthedocs.io/en/latest/advanced-usage.html#ssl-warnings
  InsecureRequestWarning,</msg>
<msg timestamp="20200510 23:40:41.183" level="INFO">${response} = &lt;Response [200]&gt;</msg>
<status status="PASS" starttime="20200510 23:40:40.606" endtime="20200510 23:40:41.183"></status>
</kw>
<kw name="Convert To String" library="BuiltIn">
<doc>Converts the given item to a Unicode string.</doc>
<arguments>
<arg>${response.status_code}</arg>
</arguments>
<assign>
<var>${status_code}</var>
</assign>
<msg timestamp="20200510 23:40:41.185" level="INFO">${status_code} = 200</msg>
<status status="PASS" starttime="20200510 23:40:41.183" endtime="20200510 23:40:41.185"></status>
</kw>
<kw name="Should Be Equal" library="BuiltIn">
<doc>Fails if the given objects are unequal.</doc>
<arguments>
<arg>${status_code}</arg>
<arg>200</arg>
</arguments>
<status status="PASS" starttime="20200510 23:40:41.185" endtime="20200510 23:40:41.185"></status>
</kw>
<kw name="Log To Console" library="BuiltIn">
<doc>Logs the given message to the console.</doc>
<arguments>
<arg>${response.text}</arg>
</arguments>
<status status="PASS" starttime="20200510 23:40:41.186" endtime="20200510 23:40:41.186"></status>
</kw>
<status status="PASS" starttime="20200510 23:40:40.601" endtime="20200510 23:40:41.186"></status>
</kw>
<kw name="Get Request Case 1" library="GET_Resources">
<kw name="Create Session" library="RequestsLibrary">
<doc>Create Session: create a HTTP session to a server</doc>
<arguments>
<arg>get_request_session</arg>
<arg>${URL}</arg>
</arguments>
<msg timestamp="20200510 23:40:41.186" level="INFO">Creating Session using : alias=get_request_session, url=https://petstore.swagger.io, headers={},                     cookies={}, auth=None, timeout=None, proxies=None, verify=False,                     debug=0 </msg>
<status status="PASS" starttime="20200510 23:40:41.186" endtime="20200510 23:40:41.187"></status>
</kw>
<kw name="Get Request" library="RequestsLibrary">
<doc>Send a GET request on the session object found using the
given `alias`</doc>
<arguments>
<arg>get_request_session</arg>
<arg>v2/pet/${id}</arg>
</arguments>
<assign>
<var>${response}</var>
</assign>
<msg timestamp="20200510 23:40:41.816" level="INFO">GET Request : url=https://petstore.swagger.io/v2/pet/1626 
 path_url=/v2/pet/1626 
 headers={'User-Agent': 'python-requests/2.23.0', 'Accept-Encoding': 'gzip, deflate', 'Accept': '*/*', 'Connection': 'keep-alive'} 
 body=None 
 </msg>
<msg timestamp="20200510 23:40:41.817" level="INFO">GET Response : url=https://petstore.swagger.io/v2/pet/1626 
 status=404, reason=Not Found 
 body={"code":1,"type":"error","message":"Pet not found"} 
 </msg>
<msg timestamp="20200510 23:40:41.817" level="INFO">/home/lagunov/.local/lib/python3.6/site-packages/urllib3/connectionpool.py:1004: InsecureRequestWarning: Unverified HTTPS request is being made to host 'petstore.swagger.io'. Adding certificate verification is strongly advised. See: https://urllib3.readthedocs.io/en/latest/advanced-usage.html#ssl-warnings
  InsecureRequestWarning,</msg>
<msg timestamp="20200510 23:40:41.818" level="INFO">${response} = &lt;Response [404]&gt;</msg>
<status status="PASS" starttime="20200510 23:40:41.187" endtime="20200510 23:40:41.818"></status>
</kw>
<kw name="Convert To String" library="BuiltIn">
<doc>Converts the given item to a Unicode string.</doc>
<arguments>
<arg>${response.status_code}</arg>
</arguments>
<assign>
<var>${status_code}</var>
</assign>
<msg timestamp="20200510 23:40:41.820" level="INFO">${status_code} = 404</msg>
<status status="PASS" starttime="20200510 23:40:41.818" endtime="20200510 23:40:41.820"></status>
</kw>
<kw name="Get From Dictionary" library="Collections">
<doc>Returns a value from the given ``dictionary`` based on the given ``key``.</doc>
<arguments>
<arg>${response.headers}</arg>
<arg>content-type</arg>
</arguments>
<assign>
<var>${content_type_value}</var>
</assign>
<msg timestamp="20200510 23:40:41.820" level="INFO">${content_type_value} = application/json</msg>
<status status="PASS" starttime="20200510 23:40:41.820" endtime="20200510 23:40:41.820"></status>
</kw>
<kw name="Should Be Equal" library="BuiltIn">
<doc>Fails if the given objects are unequal.</doc>
<arguments>
<arg>${status_code}</arg>
<arg>404</arg>
</arguments>
<status status="PASS" starttime="20200510 23:40:41.821" endtime="20200510 23:40:41.821"></status>
</kw>
<kw name="Log To Console" library="BuiltIn">
<doc>Logs the given message to the console.</doc>
<arguments>
<arg>${response.text}</arg>
</arguments>
<status status="PASS" starttime="20200510 23:40:41.821" endtime="20200510 23:40:41.821"></status>
</kw>
<status status="PASS" starttime="20200510 23:40:41.186" endtime="20200510 23:40:41.821"></status>
</kw>
<status status="PASS" starttime="20200510 23:40:38.738" endtime="20200510 23:40:41.821" critical="yes"></status>
</test>
<status status="PASS" starttime="20200510 23:40:38.587" endtime="20200510 23:40:41.822"></status>
</suite>
<statistics>
<total>
<stat pass="1" fail="0">Critical Tests</stat>
<stat pass="1" fail="0">All Tests</stat>
</total>
<tag>
</tag>
<suite>
<stat pass="1" fail="0" id="s1" name="TC Requests">TC Requests</stat>
</suite>
</statistics>
<errors>
</errors>
</robot>
